[debug] [2024-07-21T11:33:06.346Z] ----------------------------------------------------------------------
[debug] [2024-07-21T11:33:06.365Z] Command:       C:\Program Files\nodejs\node.exe C:\Users\Mayank bharti\AppData\Roaming\npm\node_modules\firebase-tools\lib\bin\firebase.js init
[debug] [2024-07-21T11:33:06.365Z] CLI Version:   13.13.3
[debug] [2024-07-21T11:33:06.366Z] Platform:      win32
[debug] [2024-07-21T11:33:06.366Z] Node Version:  v20.11.1
[debug] [2024-07-21T11:33:06.366Z] Time:          Sun Jul 21 2024 17:03:06 GMT+0530 (India Standard Time)
[debug] [2024-07-21T11:33:06.367Z] ----------------------------------------------------------------------
[debug] 
[debug] [2024-07-21T11:33:06.381Z] > command requires scopes: ["email","openid","https://www.googleapis.com/auth/cloudplatformprojects.readonly","https://www.googleapis.com/auth/firebase","https://www.googleapis.com/auth/cloud-platform"]
[debug] [2024-07-21T11:33:06.382Z] > authorizing via signed-in user (22cs3039@rgipt.ac.in)
[info] 
     ######## #### ########  ######## ########     ###     ######  ########
     ##        ##  ##     ## ##       ##     ##  ##   ##  ##       ##
     ######    ##  ########  ######   ########  #########  ######  ######
     ##        ##  ##    ##  ##       ##     ## ##     ##       ## ##
     ##       #### ##     ## ######## ########  ##     ##  ######  ########

You're about to initialize a Firebase project in this directory:

  C:\Users\Mayank bharti\Downloads\Online_Judge_Project\reactpro

[info] 
=== Project Setup
[info] 
[info] First, let's associate this project directory with a Firebase project.
[info] You can create multiple project aliases by running firebase use --add, 
[info] but for now we'll just set up a default project.
[info] 
[debug] [2024-07-21T11:35:49.124Z] >>> [apiv2][query] GET https://firebase.googleapis.com/v1beta1/projects pageSize=100
[debug] [2024-07-21T11:35:50.500Z] <<< [apiv2][status] GET https://firebase.googleapis.com/v1beta1/projects 200
[debug] [2024-07-21T11:35:50.502Z] <<< [apiv2][body] GET https://firebase.googleapis.com/v1beta1/projects [omitted]
[info] i  Using project codemania-b1360 (CodeMania) 
[info] 
=== Hosting Setup
[debug] [2024-07-21T11:36:43.387Z] >>> [apiv2][query] GET https://firebase.googleapis.com/v1beta1/projects/codemania-b1360 [none]
[debug] [2024-07-21T11:36:44.283Z] <<< [apiv2][status] GET https://firebase.googleapis.com/v1beta1/projects/codemania-b1360 200
[debug] [2024-07-21T11:36:44.284Z] <<< [apiv2][body] GET https://firebase.googleapis.com/v1beta1/projects/codemania-b1360 {"projectId":"codemania-b1360","projectNumber":"463046599723","displayName":"CodeMania","name":"projects/codemania-b1360","resources":{"hostingSite":"codemania-b1360"},"state":"ACTIVE","etag":"1_d6a4951a-982c-4055-998b-83fa27463ff3"}
[info] 
[info] Your public directory is the folder (relative to your project directory) that
[info] will contain Hosting assets to be uploaded with firebase deploy. If you
[info] have a build process for your assets, use your build's output directory.
[info] 
